Start testing: Apr 04 18:00 +03
----------------------------------------------------------
1/1 Testing: unit_tests
1/1 Test: unit_tests
Command: "/home/thematrix/TheMatrix2/workspace/reports/lab05/cmake-build-debug/tests"
Directory: /home/thematrix/TheMatrix2/workspace/reports/lab05/cmake-build-debug
"unit_tests" start time: Apr 04 18:00 +03
Output:
----------------------------------------------------------
Running main() from /home/thematrix/googletest/googletest/src/gtest_main.cc
[==========] Running 3 tests from 2 test suites.
[----------] Global test environment set-up.
[----------] 2 tests from Account
[ RUN      ] Account.Balance
[       OK ] Account.Balance (0 ms)
[ RUN      ] Account.Locking
[       OK ] Account.Locking (0 ms)
[----------] 2 tests from Account (0 ms total)

[----------] 1 test from Transaction
[ RUN      ] Transaction.DataBase
123 send to 789 $500
Balance 123 is 1000
Balance 789 is 400
[       OK ] Transaction.DataBase (0 ms)
[----------] 1 test from Transaction (0 ms total)

[----------] Global test environment tear-down
[==========] 3 tests from 2 test suites ran. (0 ms total)
[  PASSED  ] 3 tests.
<end of output>
Test time =   0.01 sec
----------------------------------------------------------
Test Passed.
"unit_tests" end time: Apr 04 18:00 +03
"unit_tests" time elapsed: 00:00:00
----------------------------------------------------------

End testing: Apr 04 18:00 +03
