Start testing: Apr 12 18:28 +03
----------------------------------------------------------
1/1 Testing: test
1/1 Test: test
Command: "/home/thematrix/TheMatrix2/workspace/reports/lab05/cmake-build-debug/tests"
Directory: /home/thematrix/TheMatrix2/workspace/reports/lab05/cmake-build-debug
"test" start time: Apr 12 18:28 +03
Output:
----------------------------------------------------------
Running main() from /home/thematrix/TheMatrix2/workspace/reports/lab05/googletest/googletest/src/gtest_main.cc
[==========] Running 4 tests from 2 test suites.
[----------] Global test environment set-up.
[----------] 2 tests from Account
[ RUN      ] Account.Mock
[       OK ] Account.Mock (0 ms)
[ RUN      ] Account.Test
[       OK ] Account.Test (0 ms)
[----------] 2 tests from Account (0 ms total)

[----------] 2 tests from Transaction
[ RUN      ] Transaction.Mock
[       OK ] Transaction.Mock (0 ms)
[ RUN      ] Transaction.Test
2 send to 1 $500
Balance 2 is 500
Balance 1 is 50
2 send to 1 $300
Balance 2 is 500
Balance 1 is 50
[       OK ] Transaction.Test (0 ms)
[----------] 2 tests from Transaction (0 ms total)

[----------] Global test environment tear-down
[==========] 4 tests from 2 test suites ran. (0 ms total)
[  PASSED  ] 4 tests.
<end of output>
Test time =   0.00 sec
----------------------------------------------------------
Test Passed.
"test" end time: Apr 12 18:28 +03
"test" time elapsed: 00:00:00
----------------------------------------------------------

End testing: Apr 12 18:28 +03
